<?xml version="1.0" encoding="UTF-8"?>
<!-- Generated by org.testng.reporters.JUnitReportReporter -->
<testsuite hostname="PF1RBSPR" failures="0" tests="1" name="com.tis.testcase.TIS_WebAppResolve_TestCases" time="40.422" errors="0" timestamp="03 Jan 2020 17:16:14 GMT" skipped="0">
  <testcase classname="com.tis.testcase.TIS_WebAppResolve_TestCases" name="integrationTestSap" time="40.422"/>
</testsuite> <!-- com.tis.testcase.TIS_WebAppResolve_TestCases -->
