<?xml version="1.0" encoding="UTF-8"?>
<!-- Generated by org.testng.reporters.JUnitReportReporter -->
<testsuite hostname="PF1RBSPR" failures="0" tests="1" name="com.tis.testcase.IntegrationTestsSapWeb" time="4.144" errors="0" timestamp="17 Dec 2019 13:14:14 GMT" skipped="0">
  <testcase classname="com.tis.testcase.IntegrationTestsSapWeb" name="testPOtests" time="4.144"/>
</testsuite> <!-- com.tis.testcase.IntegrationTestsSapWeb -->
