<?xml version="1.0" encoding="UTF-8"?>
<!-- Generated by org.testng.reporters.JUnitReportReporter -->
<testsuite hostname="PF1RBSPR" failures="0" tests="1" name="SapTests.IntegrationTestsSapWeb" time="13.702" errors="0" timestamp="20 Jan 2020 15:40:38 GMT" skipped="0">
  <testcase classname="SapTests.IntegrationTestsSapWeb" name="integrationTestSap" time="13.702"/>
</testsuite> <!-- SapTests.IntegrationTestsSapWeb -->
