<?xml version="1.0" encoding="UTF-8"?>
<!-- Generated by org.testng.reporters.JUnitReportReporter -->
<testsuite hostname="PF1RBSPR" failures="0" tests="1" name="com.tis.testcase.TIS_WebAppResolve_TestCases" time="15.518" errors="0" timestamp="20 Jan 2020 15:38:48 GMT" skipped="0">
  <testcase classname="com.tis.testcase.TIS_WebAppResolve_TestCases" name="TC_09_TIS_WebAppResolve_IntegrationSapTestApproveDoc" time="15.518"/>
</testsuite> <!-- com.tis.testcase.TIS_WebAppResolve_TestCases -->
